<?xml version="1.0" encoding="UTF-8"?>
<!-- Generated by org.testng.reporters.JUnitReportReporter -->
<testsuite hostname="DESKTOP-G49QI9B" name="Academy.validatenavigation" tests="1" failures="0" timestamp="23 Dec 2020 10:43:12 GMT" time="1.097" errors="0">
  <testcase name="navigationBar" time="1.097" classname="Academy.validatenavigation"/>
</testsuite> <!-- Academy.validatenavigation -->
